{"C:\\Users\\Lenovo\\Desktop\\pipeline-node\\pipeline-node\\server.js": {"path":"C:\\Users\\Lenovo\\Desktop\\pipeline-node\\pipeline-node\\server.js","statementMap":{"0":{"start":{"line":1,"column":16},"end":{"line":1,"column":34}},"1":{"start":{"line":2,"column":14},"end":{"line":2,"column":30}},"2":{"start":{"line":3,"column":13},"end":{"line":3,"column":28}},"3":{"start":{"line":4,"column":0},"end":{"line":4,"column":27}},"4":{"start":{"line":6,"column":12},"end":{"line":6,"column":21}},"5":{"start":{"line":7,"column":0},"end":{"line":7,"column":16}},"6":{"start":{"line":8,"column":0},"end":{"line":8,"column":24}},"7":{"start":{"line":10,"column":12},"end":{"line":16,"column":2}},"8":{"start":{"line":18,"column":0},"end":{"line":21,"column":3}},"9":{"start":{"line":19,"column":2},"end":{"line":19,"column":21}},"10":{"start":{"line":19,"column":11},"end":{"line":19,"column":21}},"11":{"start":{"line":20,"column":2},"end":{"line":20,"column":28}},"12":{"start":{"line":35,"column":0},"end":{"line":51,"column":3}},"13":{"start":{"line":36,"column":13},"end":{"line":36,"column":25}},"14":{"start":{"line":37,"column":2},"end":{"line":48,"column":5}},"15":{"start":{"line":38,"column":4},"end":{"line":38,"column":23}},"16":{"start":{"line":38,"column":13},"end":{"line":38,"column":23}},"17":{"start":{"line":39,"column":4},"end":{"line":42,"column":5}},"18":{"start":{"line":40,"column":6},"end":{"line":40,"column":23}},"19":{"start":{"line":41,"column":6},"end":{"line":41,"column":38}},"20":{"start":{"line":44,"column":4},"end":{"line":44,"column":26}},"21":{"start":{"line":45,"column":4},"end":{"line":45,"column":32}},"22":{"start":{"line":50,"column":2},"end":{"line":50,"column":48}},"23":{"start":{"line":58,"column":0},"end":{"line":62,"column":3}},"24":{"start":{"line":61,"column":2},"end":{"line":61,"column":40}},"25":{"start":{"line":64,"column":0},"end":{"line":64,"column":30}}},"fnMap":{"0":{"name":"(anonymous_0)","decl":{"start":{"line":18,"column":12},"end":{"line":18,"column":13}},"loc":{"start":{"line":18,"column":27},"end":{"line":21,"column":1}},"line":18},"1":{"name":"(anonymous_1)","decl":{"start":{"line":35,"column":13},"end":{"line":35,"column":14}},"loc":{"start":{"line":35,"column":27},"end":{"line":51,"column":1}},"line":35},"2":{"name":"(anonymous_2)","decl":{"start":{"line":37,"column":39},"end":{"line":37,"column":40}},"loc":{"start":{"line":37,"column":62},"end":{"line":48,"column":3}},"line":37},"3":{"name":"(anonymous_3)","decl":{"start":{"line":58,"column":17},"end":{"line":58,"column":18}},"loc":{"start":{"line":58,"column":23},"end":{"line":62,"column":1}},"line":58}},"branchMap":{"0":{"loc":{"start":{"line":19,"column":2},"end":{"line":19,"column":21}},"type":"if","locations":[{"start":{"line":19,"column":2},"end":{"line":19,"column":21}},{"start":{},"end":{}}],"line":19},"1":{"loc":{"start":{"line":38,"column":4},"end":{"line":38,"column":23}},"type":"if","locations":[{"start":{"line":38,"column":4},"end":{"line":38,"column":23}},{"start":{},"end":{}}],"line":38},"2":{"loc":{"start":{"line":39,"column":4},"end":{"line":42,"column":5}},"type":"if","locations":[{"start":{"line":39,"column":4},"end":{"line":42,"column":5}},{"start":{},"end":{}}],"line":39}},"s":{"0":1,"1":1,"2":1,"3":1,"4":1,"5":1,"6":1,"7":1,"8":1,"9":1,"10":0,"11":1,"12":1,"13":1,"14":1,"15":0,"16":0,"17":0,"18":0,"19":0,"20":0,"21":0,"22":1,"23":1,"24":1,"25":1},"f":{"0":1,"1":1,"2":0,"3":1},"b":{"0":[0,1],"1":[0,0],"2":[0,0]},"_coverageSchema":"1a1c01bbd47fc00a2c39e90264f33305004495a9","hash":"6c413f0bff81df03f160f5a9a08370688ae4e8d6"}
}
